<?xml version="1.0" encoding="UTF-8"?>
<Site BuildName="(empty)"
	BuildStamp="20260909-0025-Experimental"
	Name="(empty)"
	Generator="ctest-3.22.1"
	CompilerName=""
	CompilerVersion=""
	OSName="Linux"
	Hostname="thaekong-HP-Pro-3330-MT"
	OSRelease="6.8.0-124-generic"
	OSVersion="#124~22.04.1-Ubuntu SMP PREEMPT_DYNAMIC Tue May 26 21:05:19 UTC "
	OSPlatform="x86_64"
	Is64Bits="1"
	VendorString="GenuineIntel"
	VendorID="Intel Corporation"
	FamilyID="6"
	ModelID="42"
	ProcessorCacheSize="3072"
	NumberOfLogicalCPU="4"
	NumberOfPhysicalCPU="2"
	TotalVirtualMemory="4019"
	TotalPhysicalMemory="7824"
	LogicalProcessorsPerPhysical="2"
	ProcessorClockFrequency="3292.49"
	>
	<Testing>
		<StartDateTime>Sep 09 08:25 WIB</StartDateTime>
		<StartTestTime>1788917156</StartTestTime>
		<TestList/>
		<EndDateTime>Sep 09 08:25 WIB</EndDateTime>
		<EndTestTime>1788917156</EndTestTime>
		<ElapsedMinutes>0</ElapsedMinutes>
	</Testing>
</Site>
